{"C:\\Users\\Ali\\Desktop\\curve-tomorrow\\toyrobot\\src\\store\\robot\\action.js": {"path":"C:\\Users\\Ali\\Desktop\\curve-tomorrow\\toyrobot\\src\\store\\robot\\action.js","statementMap":{"0":{"start":{"line":11,"column":4},"end":{"line":14,"column":5}},"1":{"start":{"line":17,"column":4},"end":{"line":17,"column":25}},"2":{"start":{"line":20,"column":4},"end":{"line":20,"column":26}},"3":{"start":{"line":23,"column":4},"end":{"line":23,"column":25}},"4":{"start":{"line":26,"column":4},"end":{"line":26,"column":27}},"5":{"start":{"line":29,"column":4},"end":{"line":29,"column":36}}},"fnMap":{"0":{"name":"robotPlace","decl":{"start":{"line":10,"column":16},"end":{"line":10,"column":26}},"loc":{"start":{"line":10,"column":36},"end":{"line":15,"column":1}},"line":10},"1":{"name":"robotMove","decl":{"start":{"line":16,"column":16},"end":{"line":16,"column":25}},"loc":{"start":{"line":16,"column":28},"end":{"line":18,"column":1}},"line":16},"2":{"name":"robotRight","decl":{"start":{"line":19,"column":16},"end":{"line":19,"column":26}},"loc":{"start":{"line":19,"column":29},"end":{"line":21,"column":1}},"line":19},"3":{"name":"robotLeft","decl":{"start":{"line":22,"column":16},"end":{"line":22,"column":25}},"loc":{"start":{"line":22,"column":28},"end":{"line":24,"column":1}},"line":22},"4":{"name":"robotReport","decl":{"start":{"line":25,"column":16},"end":{"line":25,"column":27}},"loc":{"start":{"line":25,"column":30},"end":{"line":27,"column":1}},"line":25},"5":{"name":"invalidCommand","decl":{"start":{"line":28,"column":16},"end":{"line":28,"column":30}},"loc":{"start":{"line":28,"column":33},"end":{"line":30,"column":1}},"line":28}},"branchMap":{},"s":{"0":1,"1":1,"2":1,"3":1,"4":1,"5":1},"f":{"0":1,"1":1,"2":1,"3":1,"4":1,"5":1},"b":{},"_coverageSchema":"332fd63041d2c1bcb487cc26dd0d5f7d97098a6c","hash":"21358472e7dd5139b47c458dff63381b085d72f4"}
,"C:\\Users\\Ali\\Desktop\\curve-tomorrow\\toyrobot\\src\\store\\robot\\constants.js": {"path":"C:\\Users\\Ali\\Desktop\\curve-tomorrow\\toyrobot\\src\\store\\robot\\constants.js","statementMap":{"0":{"start":{"line":1,"column":21},"end":{"line":1,"column":28}},"1":{"start":{"line":2,"column":20},"end":{"line":2,"column":26}},"2":{"start":{"line":3,"column":21},"end":{"line":3,"column":28}},"3":{"start":{"line":4,"column":20},"end":{"line":4,"column":26}},"4":{"start":{"line":5,"column":22},"end":{"line":5,"column":30}},"5":{"start":{"line":6,"column":31},"end":{"line":6,"column":48}}},"fnMap":{},"branchMap":{},"s":{"0":2,"1":2,"2":2,"3":2,"4":2,"5":2},"f":{},"b":{},"_coverageSchema":"332fd63041d2c1bcb487cc26dd0d5f7d97098a6c","hash":"09622f97c558778e1098ff6fb31c8c49326785c2"}
,"C:\\Users\\Ali\\Desktop\\curve-tomorrow\\toyrobot\\src\\store\\robot\\reducer.js": {"path":"C:\\Users\\Ali\\Desktop\\curve-tomorrow\\toyrobot\\src\\store\\robot\\reducer.js","statementMap":{"0":{"start":{"line":9,"column":28},"end":{"line":15,"column":1}},"1":{"start":{"line":18,"column":28},"end":{"line":18,"column":34}},"2":{"start":{"line":19,"column":23},"end":{"line":19,"column":28}},"3":{"start":{"line":20,"column":4},"end":{"line":92,"column":5}},"4":{"start":{"line":22,"column":38},"end":{"line":22,"column":61}},"5":{"start":{"line":23,"column":12},"end":{"line":28,"column":13}},"6":{"start":{"line":24,"column":16},"end":{"line":27,"column":17}},"7":{"start":{"line":29,"column":12},"end":{"line":34,"column":13}},"8":{"start":{"line":36,"column":12},"end":{"line":43,"column":13}},"9":{"start":{"line":37,"column":34},"end":{"line":37,"column":75}},"10":{"start":{"line":38,"column":16},"end":{"line":42,"column":17}},"11":{"start":{"line":44,"column":12},"end":{"line":47,"column":13}},"12":{"start":{"line":50,"column":12},"end":{"line":57,"column":13}},"13":{"start":{"line":51,"column":34},"end":{"line":51,"column":66}},"14":{"start":{"line":52,"column":16},"end":{"line":56,"column":17}},"15":{"start":{"line":58,"column":12},"end":{"line":61,"column":13}},"16":{"start":{"line":64,"column":12},"end":{"line":71,"column":13}},"17":{"start":{"line":65,"column":42},"end":{"line":65,"column":66}},"18":{"start":{"line":66,"column":16},"end":{"line":70,"column":17}},"19":{"start":{"line":72,"column":12},"end":{"line":75,"column":13}},"20":{"start":{"line":78,"column":38},"end":{"line":78,"column":43}},"21":{"start":{"line":79,"column":12},"end":{"line":82,"column":13}},"22":{"start":{"line":85,"column":12},"end":{"line":88,"column":13}},"23":{"start":{"line":91,"column":12},"end":{"line":91,"column":24}},"24":{"start":{"line":96,"column":4},"end":{"line":96,"column":27}},"25":{"start":{"line":97,"column":14},"end":{"line":97,"column":41}},"26":{"start":{"line":98,"column":14},"end":{"line":98,"column":41}},"27":{"start":{"line":99,"column":22},"end":{"line":99,"column":36}},"28":{"start":{"line":100,"column":4},"end":{"line":100,"column":30}},"29":{"start":{"line":104,"column":28},"end":{"line":104,"column":33}},"30":{"start":{"line":105,"column":4},"end":{"line":118,"column":5}},"31":{"start":{"line":107,"column":12},"end":{"line":107,"column":32}},"32":{"start":{"line":108,"column":12},"end":{"line":108,"column":18}},"33":{"start":{"line":110,"column":12},"end":{"line":110,"column":32}},"34":{"start":{"line":111,"column":12},"end":{"line":111,"column":18}},"35":{"start":{"line":113,"column":12},"end":{"line":113,"column":32}},"36":{"start":{"line":114,"column":12},"end":{"line":114,"column":18}},"37":{"start":{"line":116,"column":12},"end":{"line":116,"column":32}},"38":{"start":{"line":117,"column":12},"end":{"line":117,"column":18}},"39":{"start":{"line":119,"column":4},"end":{"line":119,"column":30}},"40":{"start":{"line":123,"column":23},"end":{"line":123,"column":57}},"41":{"start":{"line":124,"column":21},"end":{"line":124,"column":50}},"42":{"start":{"line":126,"column":4},"end":{"line":132,"column":5}},"43":{"start":{"line":127,"column":8},"end":{"line":127,"column":61}},"44":{"start":{"line":128,"column":8},"end":{"line":128,"column":33}},"45":{"start":{"line":130,"column":8},"end":{"line":130,"column":61}},"46":{"start":{"line":131,"column":8},"end":{"line":131,"column":33}}},"fnMap":{"0":{"name":"RobotReducer","decl":{"start":{"line":17,"column":24},"end":{"line":17,"column":36}},"loc":{"start":{"line":17,"column":67},"end":{"line":93,"column":1}},"line":17},"1":{"name":"getCoordinates","decl":{"start":{"line":95,"column":9},"end":{"line":95,"column":23}},"loc":{"start":{"line":95,"column":31},"end":{"line":101,"column":1}},"line":95},"2":{"name":"updateCoordinates","decl":{"start":{"line":103,"column":9},"end":{"line":103,"column":26}},"loc":{"start":{"line":103,"column":34},"end":{"line":120,"column":1}},"line":103},"3":{"name":"changeDirection","decl":{"start":{"line":122,"column":9},"end":{"line":122,"column":24}},"loc":{"start":{"line":122,"column":44},"end":{"line":133,"column":1}},"line":122}},"branchMap":{"0":{"loc":{"start":{"line":17,"column":37},"end":{"line":17,"column":57}},"type":"default-arg","locations":[{"start":{"line":17,"column":45},"end":{"line":17,"column":57}}],"line":17},"1":{"loc":{"start":{"line":20,"column":4},"end":{"line":92,"column":5}},"type":"switch","locations":[{"start":{"line":21,"column":8},"end":{"line":34,"column":13}},{"start":{"line":35,"column":8},"end":{"line":48,"column":9}},{"start":{"line":49,"column":8},"end":{"line":62,"column":9}},{"start":{"line":63,"column":8},"end":{"line":76,"column":9}},{"start":{"line":77,"column":8},"end":{"line":83,"column":9}},{"start":{"line":84,"column":8},"end":{"line":89,"column":9}},{"start":{"line":90,"column":8},"end":{"line":91,"column":24}}],"line":20},"2":{"loc":{"start":{"line":23,"column":12},"end":{"line":28,"column":13}},"type":"if","locations":[{"start":{"line":23,"column":12},"end":{"line":28,"column":13}},{"start":{"line":23,"column":12},"end":{"line":28,"column":13}}],"line":23},"3":{"loc":{"start":{"line":23,"column":16},"end":{"line":23,"column":30}},"type":"binary-expr","locations":[{"start":{"line":23,"column":16},"end":{"line":23,"column":21}},{"start":{"line":23,"column":25},"end":{"line":23,"column":30}}],"line":23},"4":{"loc":{"start":{"line":36,"column":12},"end":{"line":43,"column":13}},"type":"if","locations":[{"start":{"line":36,"column":12},"end":{"line":43,"column":13}},{"start":{"line":36,"column":12},"end":{"line":43,"column":13}}],"line":36},"5":{"loc":{"start":{"line":50,"column":12},"end":{"line":57,"column":13}},"type":"if","locations":[{"start":{"line":50,"column":12},"end":{"line":57,"column":13}},{"start":{"line":50,"column":12},"end":{"line":57,"column":13}}],"line":50},"6":{"loc":{"start":{"line":64,"column":12},"end":{"line":71,"column":13}},"type":"if","locations":[{"start":{"line":64,"column":12},"end":{"line":71,"column":13}},{"start":{"line":64,"column":12},"end":{"line":71,"column":13}}],"line":64},"7":{"loc":{"start":{"line":105,"column":4},"end":{"line":118,"column":5}},"type":"switch","locations":[{"start":{"line":106,"column":8},"end":{"line":108,"column":18}},{"start":{"line":109,"column":8},"end":{"line":111,"column":18}},{"start":{"line":112,"column":8},"end":{"line":114,"column":18}},{"start":{"line":115,"column":8},"end":{"line":117,"column":18}}],"line":105},"8":{"loc":{"start":{"line":107,"column":12},"end":{"line":107,"column":31}},"type":"binary-expr","locations":[{"start":{"line":107,"column":13},"end":{"line":107,"column":18}},{"start":{"line":107,"column":24},"end":{"line":107,"column":30}}],"line":107},"9":{"loc":{"start":{"line":110,"column":12},"end":{"line":110,"column":31}},"type":"binary-expr","locations":[{"start":{"line":110,"column":13},"end":{"line":110,"column":18}},{"start":{"line":110,"column":24},"end":{"line":110,"column":30}}],"line":110},"10":{"loc":{"start":{"line":113,"column":12},"end":{"line":113,"column":31}},"type":"binary-expr","locations":[{"start":{"line":113,"column":13},"end":{"line":113,"column":18}},{"start":{"line":113,"column":24},"end":{"line":113,"column":30}}],"line":113},"11":{"loc":{"start":{"line":116,"column":12},"end":{"line":116,"column":31}},"type":"binary-expr","locations":[{"start":{"line":116,"column":13},"end":{"line":116,"column":18}},{"start":{"line":116,"column":24},"end":{"line":116,"column":30}}],"line":116},"12":{"loc":{"start":{"line":126,"column":4},"end":{"line":132,"column":5}},"type":"if","locations":[{"start":{"line":126,"column":4},"end":{"line":132,"column":5}},{"start":{"line":126,"column":4},"end":{"line":132,"column":5}}],"line":126},"13":{"loc":{"start":{"line":127,"column":8},"end":{"line":127,"column":60}},"type":"cond-expr","locations":[{"start":{"line":127,"column":25},"end":{"line":127,"column":34}},{"start":{"line":127,"column":39},"end":{"line":127,"column":59}}],"line":127},"14":{"loc":{"start":{"line":130,"column":8},"end":{"line":130,"column":60}},"type":"cond-expr","locations":[{"start":{"line":130,"column":25},"end":{"line":130,"column":34}},{"start":{"line":130,"column":39},"end":{"line":130,"column":59}}],"line":130}},"s":{"0":1,"1":7,"2":7,"3":7,"4":2,"5":2,"6":1,"7":1,"8":1,"9":1,"10":1,"11":0,"12":1,"13":1,"14":1,"15":0,"16":1,"17":1,"18":1,"19":0,"20":0,"21":0,"22":1,"23":1,"24":2,"25":2,"26":2,"27":2,"28":2,"29":1,"30":1,"31":0,"32":0,"33":0,"34":0,"35":1,"36":1,"37":0,"38":0,"39":1,"40":2,"41":2,"42":2,"43":1,"44":1,"45":1,"46":1},"f":{"0":7,"1":2,"2":1,"3":2},"b":{"0":[1],"1":[2,1,1,1,0,1,1],"2":[1,1],"3":[2,1],"4":[1,0],"5":[1,0],"6":[1,0],"7":[0,0,1,0],"8":[0,0],"9":[0,0],"10":[1,1],"11":[0,0],"12":[1,1],"13":[0,1],"14":[1,0]},"_coverageSchema":"332fd63041d2c1bcb487cc26dd0d5f7d97098a6c","hash":"156bb8782d093582d3bf71611b973e28a71ef06b"}
}
