TN:
SF:C:\Users\Ali\Desktop\curve-tomorrow\toyrobot\src\store\robot\action.js
FN:10,robotPlace
FN:16,robotMove
FN:19,robotRight
FN:22,robotLeft
FN:25,robotReport
FN:28,invalidCommand
FNF:6
FNH:6
FNDA:1,robotPlace
FNDA:1,robotMove
FNDA:1,robotRight
FNDA:1,robotLeft
FNDA:1,robotReport
FNDA:1,invalidCommand
DA:11,1
DA:17,1
DA:20,1
DA:23,1
DA:26,1
DA:29,1
LF:6
LH:6
BRF:0
BRH:0
end_of_record
TN:
SF:C:\Users\Ali\Desktop\curve-tomorrow\toyrobot\src\store\robot\constants.js
FNF:0
FNH:0
DA:1,2
DA:2,2
DA:3,2
DA:4,2
DA:5,2
DA:6,2
LF:6
LH:6
BRF:0
BRH:0
end_of_record
TN:
SF:C:\Users\Ali\Desktop\curve-tomorrow\toyrobot\src\store\robot\reducer.js
FN:17,RobotReducer
FN:95,getCoordinates
FN:103,updateCoordinates
FN:122,changeDirection
FNF:4
FNH:4
FNDA:7,RobotReducer
FNDA:2,getCoordinates
FNDA:1,updateCoordinates
FNDA:2,changeDirection
DA:9,1
DA:18,7
DA:19,7
DA:20,7
DA:22,2
DA:23,2
DA:24,1
DA:29,1
DA:36,1
DA:37,1
DA:38,1
DA:44,0
DA:50,1
DA:51,1
DA:52,1
DA:58,0
DA:64,1
DA:65,1
DA:66,1
DA:72,0
DA:78,0
DA:79,0
DA:85,1
DA:91,1
DA:96,2
DA:97,2
DA:98,2
DA:99,2
DA:100,2
DA:104,1
DA:105,1
DA:107,0
DA:108,0
DA:110,0
DA:111,0
DA:113,1
DA:114,1
DA:116,0
DA:117,0
DA:119,1
DA:123,2
DA:124,2
DA:126,2
DA:127,1
DA:128,1
DA:130,1
DA:131,1
LF:47
LH:36
BRDA:17,0,0,1
BRDA:20,1,0,2
BRDA:20,1,1,1
BRDA:20,1,2,1
BRDA:20,1,3,1
BRDA:20,1,4,0
BRDA:20,1,5,1
BRDA:20,1,6,1
BRDA:23,2,0,1
BRDA:23,2,1,1
BRDA:23,3,0,2
BRDA:23,3,1,1
BRDA:36,4,0,1
BRDA:36,4,1,0
BRDA:50,5,0,1
BRDA:50,5,1,0
BRDA:64,6,0,1
BRDA:64,6,1,0
BRDA:105,7,0,0
BRDA:105,7,1,0
BRDA:105,7,2,1
BRDA:105,7,3,0
BRDA:107,8,0,0
BRDA:107,8,1,0
BRDA:110,9,0,0
BRDA:110,9,1,0
BRDA:113,10,0,1
BRDA:113,10,1,1
BRDA:116,11,0,0
BRDA:116,11,1,0
BRDA:126,12,0,1
BRDA:126,12,1,1
BRDA:127,13,0,0
BRDA:127,13,1,1
BRDA:130,14,0,1
BRDA:130,14,1,0
BRF:36
BRH:21
end_of_record
